Determining if the pthread_create exist failed with the following output:
Change Dir: /home/hy/ORB_SLAM2/Examples/ROS/ORB_SLAM2/build/CMakeFiles/CMakeTmp

Run Build Command:"/usr/bin/make" "cmTC_3ecac/fast"
/usr/bin/make -f CMakeFiles/cmTC_3ecac.dir/build.make CMakeFiles/cmTC_3ecac.dir/build
make[1]: 进入目录“/home/hy/ORB_SLAM2/Examples/ROS/ORB_SLAM2/build/CMakeFiles/CMakeTmp”
Building C object CMakeFiles/cmTC_3ecac.dir/CheckSymbolExists.c.o
/usr/bin/cc    -o CMakeFiles/cmTC_3ecac.dir/CheckSymbolExists.c.o   -c /home/hy/ORB_SLAM2/Examples/ROS/ORB_SLAM2/build/CMakeFiles/CMakeTmp/CheckSymbolExists.c
Linking C executable cmTC_3ecac
/usr/bin/cmake -E cmake_link_script CMakeFiles/cmTC_3ecac.dir/link.txt --verbose=1
/usr/bin/cc      -rdynamic CMakeFiles/cmTC_3ecac.dir/CheckSymbolExists.c.o  -o cmTC_3ecac 
CMakeFiles/cmTC_3ecac.dir/CheckSymbolExists.c.o：在函数‘main’中：
CheckSymbolExists.c:(.text+0x1b)：对‘pthread_create’未定义的引用
collect2: error: ld returned 1 exit status
CMakeFiles/cmTC_3ecac.dir/build.make:97: recipe for target 'cmTC_3ecac' failed
make[1]: *** [cmTC_3ecac] Error 1
make[1]: 离开目录“/home/hy/ORB_SLAM2/Examples/ROS/ORB_SLAM2/build/CMakeFiles/CMakeTmp”
Makefile:126: recipe for target 'cmTC_3ecac/fast' failed
make: *** [cmTC_3ecac/fast] Error 2

File /home/hy/ORB_SLAM2/Examples/ROS/ORB_SLAM2/build/CMakeFiles/CMakeTmp/CheckSymbolExists.c:
/* */
#include <pthread.h>

int main(int argc, char** argv)
{
  (void)argv;
#ifndef pthread_create
  return ((int*)(&pthread_create))[argc];
#else
  (void)argc;
  return 0;
#endif
}

Determining if the function pthread_create exists in the pthreads failed with the following output:
Change Dir: /home/hy/ORB_SLAM2/Examples/ROS/ORB_SLAM2/build/CMakeFiles/CMakeTmp

Run Build Command:"/usr/bin/make" "cmTC_7df3e/fast"
/usr/bin/make -f CMakeFiles/cmTC_7df3e.dir/build.make CMakeFiles/cmTC_7df3e.dir/build
make[1]: 进入目录“/home/hy/ORB_SLAM2/Examples/ROS/ORB_SLAM2/build/CMakeFiles/CMakeTmp”
Building C object CMakeFiles/cmTC_7df3e.dir/CheckFunctionExists.c.o
/usr/bin/cc   -DCHECK_FUNCTION_EXISTS=pthread_create   -o CMakeFiles/cmTC_7df3e.dir/CheckFunctionExists.c.o   -c /usr/share/cmake-3.10/Modules/CheckFunctionExists.c
Linking C executable cmTC_7df3e
/usr/bin/cmake -E cmake_link_script CMakeFiles/cmTC_7df3e.dir/link.txt --verbose=1
/usr/bin/cc  -DCHECK_FUNCTION_EXISTS=pthread_create    -rdynamic CMakeFiles/cmTC_7df3e.dir/CheckFunctionExists.c.o  -o cmTC_7df3e -lpthreads 
/usr/bin/ld: 找不到 -lpthreads
collect2: error: ld returned 1 exit status
CMakeFiles/cmTC_7df3e.dir/build.make:97: recipe for target 'cmTC_7df3e' failed
make[1]: *** [cmTC_7df3e] Error 1
make[1]: 离开目录“/home/hy/ORB_SLAM2/Examples/ROS/ORB_SLAM2/build/CMakeFiles/CMakeTmp”
Makefile:126: recipe for target 'cmTC_7df3e/fast' failed
make: *** [cmTC_7df3e/fast] Error 2


